SF:lib/presentation/constants/routes.dart
DA:4,0
DA:6,0
LF:2
LH:0
end_of_record
SF:lib/presentation/providers/init_provider.dart
DA:11,1
DA:17,1
DA:18,2
DA:19,2
DA:22,1
DA:23,3
DA:25,4
DA:29,1
DA:30,3
DA:34,3
DA:37,3
LF:11
LH:11
end_of_record
SF:lib/domain/models/location_model.dart
DA:17,0
DA:24,0
DA:25,0
DA:27,0
DA:29,0
DA:30,0
DA:31,0
DA:32,0
DA:33,0
DA:34,0
DA:37,0
DA:46,0
DA:51,0
DA:52,0
DA:54,0
DA:56,0
DA:57,0
DA:59,0
LF:18
LH:0
end_of_record
SF:lib/domain/models/location_model.g.dart
DA:9,0
DA:10,0
DA:11,0
DA:12,0
DA:13,0
DA:14,0
DA:17,0
DA:18,0
DA:19,0
DA:20,0
DA:21,0
DA:22,0
DA:25,0
DA:26,0
DA:27,0
DA:28,0
DA:31,0
DA:32,0
DA:33,0
DA:34,0
LF:20
LH:0
end_of_record
